<?xml version="1.0" encoding="UTF-8"?>
<!-- Generated by org.testng.reporters.JUnitReportReporter -->
<testsuite skipped="1" hostname="LAPTOP-7TJ7E1KU" name="ecxcelReadWright.ExcelDataReadwrite" tests="1" failures="0" timestamp="04 May 2022 16:41:03 GMT" time="0.000" errors="0">
  <testcase name="UsernameAndPassword" time="0.000" classname="ecxcelReadWright.ExcelDataReadwrite">
    <skipped/>
  </testcase> <!-- UsernameAndPassword -->
</testsuite> <!-- ecxcelReadWright.ExcelDataReadwrite -->
