<?xml version="1.0" encoding="UTF-8"?>
<!-- Generated by org.testng.reporters.JUnitReportReporter -->
<testsuite skipped="0" hostname="LAPTOP-7TJ7E1KU" name="ecxcelReadWright.ExcelReadWithPoi" tests="1" failures="0" timestamp="04 May 2022 16:22:12 GMT" time="0.636" errors="0">
  <testcase name="readAllDataFromExcel" time="0.636" classname="ecxcelReadWright.ExcelReadWithPoi"/>
</testsuite> <!-- ecxcelReadWright.ExcelReadWithPoi -->
