<?xml version="1.0" encoding="UTF-8"?>
<!-- Generated by org.testng.reporters.JUnitReportReporter -->
<testsuite skipped="0" hostname="LAPTOP-7TJ7E1KU" name="ecxcelReadWright.PrintDataUserInExcel" tests="1" failures="0" timestamp="06 May 2022 05:57:16 GMT" time="7.118" errors="0">
  <testcase name="printData" time="7.118" classname="ecxcelReadWright.PrintDataUserInExcel"/>
</testsuite> <!-- ecxcelReadWright.PrintDataUserInExcel -->
