<?xml version="1.0" encoding="UTF-8"?>
<!-- Generated by org.testng.reporters.JUnitReportReporter -->
<testsuite skipped="0" hostname="LAPTOP-7TJ7E1KU" name="ecxcelReadWright.ConditionApplyUserTable" tests="1" failures="0" timestamp="06 May 2022 17:04:37 GMT" time="15.076" errors="0">
  <testcase name="printData" time="15.076" classname="ecxcelReadWright.ConditionApplyUserTable"/>
</testsuite> <!-- ecxcelReadWright.ConditionApplyUserTable -->
